Build started 9/13/2014 4:24:49 PM.
     1>Project "C:\git2\it266-quake2\game.vcxproj" on node 2 (build target(s)).
     1>InitializeBuildStatus:
         Creating ".\debug\gamex86.unsuccessfulbuild" because "AlwaysCreate" was specified.
       ClCompile:
         c:\Program Files (x86)\Microsoft Visual Studio 10.0\VC\bin\CL.exe /c /ZI /nologo /W3 /WX- /Od /Oy- /D WIN32 /D _DEBUG /D _WINDOWS /D BUILDING_REF_GL /D _VC80_UPGRADE=0x0600 /D _WINDLL /Gm /EHsc /MTd /GS /Gy- /fp:precise /Zc:wchar_t /Zc:forScope /Fo".\debug\\" /Fd".\debug\vc100.pdb" /FR".\debug\\" /Gd /TC /analyze- /errorReport:prompt g_weapon.c
         g_weapon.c
     1>c:\git2\it266-quake2\g_weapon.c(383): warning C4101: 'grenDir' : unreferenced local variable
       Link:
         c:\Program Files (x86)\Microsoft Visual Studio 10.0\VC\bin\link.exe /ERRORREPORT:PROMPT /OUT:"..\debug\gamex86.dll" /INCREMENTAL:NO /NOLOGO winmm.lib kernel32.lib user32.lib gdi32.lib winspool.lib comdlg32.lib advapi32.lib shell32.lib ole32.lib oleaut32.lib uuid.lib odbc32.lib odbccp32.lib /DEF:".\game.def" /MANIFEST /ManifestFile:".\debug\gamex86.dll.intermediate.manifest" /MANIFESTUAC:"level='asInvoker' uiAccess='false'" /DEBUG /PDB:"C:\git2\debug\gamex86.pdb" /SUBSYSTEM:WINDOWS /TLBID:1 /BASE:"0x20000000" /DYNAMICBASE /NXCOMPAT /IMPLIB:".\..\debug\gamex86.lib" /MACHINE:X86 /DLL .\debug\g_ai.obj
         .\debug\g_chase.obj
         .\debug\g_cmds.obj
         .\debug\g_combat.obj
         .\debug\g_func.obj
         .\debug\g_items.obj
         .\debug\g_main.obj
         .\debug\g_misc.obj
         .\debug\g_monster.obj
         .\debug\g_phys.obj
         .\debug\g_save.obj
         .\debug\g_spawn.obj
         .\debug\g_svcmds.obj
         .\debug\g_target.obj
         .\debug\g_trigger.obj
         .\debug\g_turret.obj
         .\debug\g_utils.obj
         .\debug\g_weapon.obj
         .\debug\m_actor.obj
         .\debug\m_berserk.obj
         .\debug\m_boss2.obj
         .\debug\m_boss3.obj
         .\debug\m_boss31.obj
         .\debug\m_boss32.obj
         .\debug\m_brain.obj
         .\debug\m_chick.obj
         .\debug\m_flash.obj
         .\debug\m_flipper.obj
         .\debug\m_float.obj
         .\debug\m_flyer.obj
         .\debug\m_gladiator.obj
         .\debug\m_gunner.obj
         .\debug\m_hover.obj
         .\debug\m_infantry.obj
         .\debug\m_insane.obj
         .\debug\m_medic.obj
         .\debug\m_move.obj
         .\debug\m_mutant.obj
         .\debug\m_parasite.obj
         .\debug\m_soldier.obj
         .\debug\m_supertank.obj
         .\debug\m_tank.obj
         .\debug\p_client.obj
         .\debug\p_hud.obj
         .\debug\p_trail.obj
         .\debug\p_view.obj
         .\debug\p_weapon.obj
         .\debug\q_shared.obj
     1>g_ai.obj : warning LNK4075: ignoring '/EDITANDCONTINUE' due to '/INCREMENTAL:NO' specification
            Creating library .\..\debug\gamex86.lib and object .\..\debug\gamex86.exp
         game.vcxproj -> C:\git2\it266-quake2\.\..\debug\gamex86.dll
       Manifest:
         C:\Program Files (x86)\Microsoft SDKs\Windows\v7.0A\bin\mt.exe /nologo /verbose /outputresource:"..\debug\gamex86.dll;#2" /manifest .\debug\gamex86.dll.intermediate.manifest
       BscMake:
         c:\Program Files (x86)\Microsoft Visual Studio 10.0\VC\bin\bscmake.exe /nologo /o".\..\debug\game.bsc" .\debug\g_ai.sbr .\debug\g_chase.sbr .\debug\g_cmds.sbr .\debug\g_combat.sbr .\debug\g_func.sbr .\debug\g_items.sbr .\debug\g_main.sbr .\debug\g_misc.sbr .\debug\g_monster.sbr .\debug\g_phys.sbr .\debug\g_save.sbr .\debug\g_spawn.sbr .\debug\g_svcmds.sbr .\debug\g_target.sbr .\debug\g_trigger.sbr .\debug\g_turret.sbr .\debug\g_utils.sbr .\debug\g_weapon.sbr .\debug\m_actor.sbr .\debug\m_berserk.sbr .\debug\m_boss2.sbr .\debug\m_boss3.sbr .\debug\m_boss31.sbr .\debug\m_boss32.sbr .\debug\m_brain.sbr .\debug\m_chick.sbr .\debug\m_flash.sbr .\debug\m_flipper.sbr .\debug\m_float.sbr .\debug\m_flyer.sbr .\debug\m_gladiator.sbr .\debug\m_gunner.sbr .\debug\m_hover.sbr .\debug\m_infantry.sbr .\debug\m_insane.sbr .\debug\m_medic.sbr .\debug\m_move.sbr .\debug\m_mutant.sbr .\debug\m_parasite.sbr .\debug\m_soldier.sbr .\debug\m_supertank.sbr .\debug\m_tank.sbr .\debug\p_client.sbr .\debug\p_hud.sbr .\debug\p_trail.sbr .\debug\p_view.sbr .\debug\p_weapon.sbr .\debug\q_shared.sbr
       FinalizeBuildStatus:
         Deleting file ".\debug\gamex86.unsuccessfulbuild".
         Touching ".\debug\gamex86.lastbuildstate".
     1>Done Building Project "C:\git2\it266-quake2\game.vcxproj" (build target(s)).

Build succeeded.

Time Elapsed 00:00:01.36
